<?xml version="1.0" encoding="UTF-8"?>
<testng-results ignored="0" total="1" passed="1" failed="0" skipped="0">
  <reporter-output>
  </reporter-output>
  <suite started-at="2022-11-11T16:04:04 IST" name="Default suite" finished-at="2022-11-11T16:04:09 IST" duration-ms="5080">
    <groups>
    </groups>
    <test started-at="2022-11-11T16:04:04 IST" name="Default test" finished-at="2022-11-11T16:04:09 IST" duration-ms="5080">
      <class name="apitesting.PostCreate">
        <test-method signature="postMethod()[pri:0, instance:apitesting.PostCreate@778d1062]" started-at="2022-11-11T16:04:04 IST" name="postMethod" finished-at="2022-11-11T16:04:09 IST" duration-ms="5009" status="PASS">
          <reporter-output>
          </reporter-output>
        </test-method> <!-- postMethod -->
      </class> <!-- apitesting.PostCreate -->
    </test> <!-- Default test -->
  </suite> <!-- Default suite -->
</testng-results>
